2025-07-13 17:25:34,611 - httpx - INFO - HTTP Request: POST https://api.telegram.org/bot440816679:AAFbcZyrRVJNqaBoNtQ-fREkwnkmJEU_WwE/getMe "HTTP/1.1 200 OK"
2025-07-13 17:25:34,763 - httpx - INFO - HTTP Request: POST https://api.telegram.org/bot440816679:AAFbcZyrRVJNqaBoNtQ-fREkwnkmJEU_WwE/deleteWebhook "HTTP/1.1 200 OK"
2025-07-13 17:25:34,764 - telegram.ext.Application - INFO - Application started
2025-07-13 17:25:35,337 - httpx - INFO - HTTP Request: POST https://api.telegram.org/bot440816679:AAFbcZyrRVJNqaBoNtQ-fREkwnkmJEU_WwE/getUpdates "HTTP/1.1 200 OK"
2025-07-13 17:25:45,675 - httpx - INFO - HTTP Request: POST https://api.telegram.org/bot440816679:AAFbcZyrRVJNqaBoNtQ-fREkwnkmJEU_WwE/getUpdates "HTTP/1.1 200 OK"
2025-07-13 17:25:56,200 - httpx - INFO - HTTP Request: POST https://api.telegram.org/bot440816679:AAFbcZyrRVJNqaBoNtQ-fREkwnkmJEU_WwE/getUpdates "HTTP/1.1 200 OK"
2025-07-13 17:26:06,924 - httpx - INFO - HTTP Request: POST https://api.telegram.org/bot440816679:AAFbcZyrRVJNqaBoNtQ-fREkwnkmJEU_WwE/getUpdates "HTTP/1.1 200 OK"
2025-07-13 17:26:17,081 - httpx - INFO - HTTP Request: POST https://api.telegram.org/bot440816679:AAFbcZyrRVJNqaBoNtQ-fREkwnkmJEU_WwE/getUpdates "HTTP/1.1 200 OK"
2025-07-13 17:26:27,456 - httpx - INFO - HTTP Request: POST https://api.telegram.org/bot440816679:AAFbcZyrRVJNqaBoNtQ-fREkwnkmJEU_WwE/getUpdates "HTTP/1.1 200 OK"
2025-07-13 17:26:37,630 - httpx - INFO - HTTP Request: POST https://api.telegram.org/bot440816679:AAFbcZyrRVJNqaBoNtQ-fREkwnkmJEU_WwE/getUpdates "HTTP/1.1 200 OK"
2025-07-13 17:26:47,998 - httpx - INFO - HTTP Request: POST https://api.telegram.org/bot440816679:AAFbcZyrRVJNqaBoNtQ-fREkwnkmJEU_WwE/getUpdates "HTTP/1.1 200 OK"
2025-07-13 17:26:58,690 - httpx - INFO - HTTP Request: POST https://api.telegram.org/bot440816679:AAFbcZyrRVJNqaBoNtQ-fREkwnkmJEU_WwE/getUpdates "HTTP/1.1 200 OK"
2025-07-13 17:27:08,844 - httpx - INFO - HTTP Request: POST https://api.telegram.org/bot440816679:AAFbcZyrRVJNqaBoNtQ-fREkwnkmJEU_WwE/getUpdates "HTTP/1.1 200 OK"
2025-07-13 17:27:19,000 - httpx - INFO - HTTP Request: POST https://api.telegram.org/bot440816679:AAFbcZyrRVJNqaBoNtQ-fREkwnkmJEU_WwE/getUpdates "HTTP/1.1 200 OK"
2025-07-13 17:27:29,372 - httpx - INFO - HTTP Request: POST https://api.telegram.org/bot440816679:AAFbcZyrRVJNqaBoNtQ-fREkwnkmJEU_WwE/getUpdates "HTTP/1.1 200 OK"
2025-07-13 17:27:32,676 - httpx - INFO - HTTP Request: POST https://api.telegram.org/bot440816679:AAFbcZyrRVJNqaBoNtQ-fREkwnkmJEU_WwE/getUpdates "HTTP/1.1 200 OK"
2025-07-13 17:27:42,837 - httpx - INFO - HTTP Request: POST https://api.telegram.org/bot440816679:AAFbcZyrRVJNqaBoNtQ-fREkwnkmJEU_WwE/getUpdates "HTTP/1.1 200 OK"
2025-07-13 17:27:44,683 - httpx - INFO - HTTP Request: POST https://api.telegram.org/bot440816679:AAFbcZyrRVJNqaBoNtQ-fREkwnkmJEU_WwE/getUpdates "HTTP/1.1 200 OK"
2025-07-13 17:27:44,684 - telegram.ext.Application - ERROR - No error handlers are registered, logging exception.
Traceback (most recent call last):
  File "C:\Users\Javad\AppData\Local\Programs\Python\Python313\Lib\site-packages\telegram\ext\_application.py", line 1124, in process_update
    await coroutine
  File "C:\Users\Javad\AppData\Local\Programs\Python\Python313\Lib\site-packages\telegram\ext\_handler.py", line 141, in handle_update
    return await self.callback(update, context)
                 ~~~~~~~~~~~~~^^^^^^^^^^^^^^^^^
TypeError: show_main_menu() takes 1 positional argument but 2 were given
2025-07-13 17:27:51,525 - httpx - INFO - HTTP Request: POST https://api.telegram.org/bot440816679:AAFbcZyrRVJNqaBoNtQ-fREkwnkmJEU_WwE/getUpdates "HTTP/1.1 200 OK"
2025-07-13 17:28:01,687 - httpx - INFO - HTTP Request: POST https://api.telegram.org/bot440816679:AAFbcZyrRVJNqaBoNtQ-fREkwnkmJEU_WwE/getUpdates "HTTP/1.1 200 OK"
2025-07-13 17:28:06,916 - httpx - INFO - HTTP Request: POST https://api.telegram.org/bot440816679:AAFbcZyrRVJNqaBoNtQ-fREkwnkmJEU_WwE/getUpdates "HTTP/1.1 200 OK"
2025-07-13 17:28:06,917 - telegram.ext.Application - ERROR - No error handlers are registered, logging exception.
Traceback (most recent call last):
  File "C:\Users\Javad\AppData\Local\Programs\Python\Python313\Lib\site-packages\telegram\ext\_application.py", line 1124, in process_update
    await coroutine
  File "C:\Users\Javad\AppData\Local\Programs\Python\Python313\Lib\site-packages\telegram\ext\_handler.py", line 141, in handle_update
    return await self.callback(update, context)
                 ~~~~~~~~~~~~~^^^^^^^^^^^^^^^^^
TypeError: show_main_menu() takes 1 positional argument but 2 were given
2025-07-13 17:28:17,287 - httpx - INFO - HTTP Request: POST https://api.telegram.org/bot440816679:AAFbcZyrRVJNqaBoNtQ-fREkwnkmJEU_WwE/getUpdates "HTTP/1.1 200 OK"
2025-07-13 17:28:27,446 - httpx - INFO - HTTP Request: POST https://api.telegram.org/bot440816679:AAFbcZyrRVJNqaBoNtQ-fREkwnkmJEU_WwE/getUpdates "HTTP/1.1 200 OK"
2025-07-13 17:28:37,604 - httpx - INFO - HTTP Request: POST https://api.telegram.org/bot440816679:AAFbcZyrRVJNqaBoNtQ-fREkwnkmJEU_WwE/getUpdates "HTTP/1.1 200 OK"
2025-07-13 17:28:41,860 - telegram.ext.Application - INFO - Application is stopping. This might take a moment.
2025-07-13 17:28:41,861 - telegram.ext.Application - INFO - Application.stop() complete
2025-07-13 17:28:41,862 - __main__ - INFO - \u2705 \u0631\u0628\u0627\u062a \u06a9\u0648\u06cc\u06cc\u0632 \u06a9\u06cc\u0646\u06af\u0632 \u0641\u0639\u0627\u0644 \u0634\u062f!
2025-07-13 17:29:11,416 - httpx - INFO - HTTP Request: POST https://api.telegram.org/bot440816679:AAFbcZyrRVJNqaBoNtQ-fREkwnkmJEU_WwE/getMe "HTTP/1.1 200 OK"
2025-07-13 17:29:11,568 - httpx - INFO - HTTP Request: POST https://api.telegram.org/bot440816679:AAFbcZyrRVJNqaBoNtQ-fREkwnkmJEU_WwE/deleteWebhook "HTTP/1.1 200 OK"
2025-07-13 17:29:11,570 - telegram.ext.Application - INFO - Application started
2025-07-13 17:29:22,479 - httpx - INFO - HTTP Request: POST https://api.telegram.org/bot440816679:AAFbcZyrRVJNqaBoNtQ-fREkwnkmJEU_WwE/getUpdates "HTTP/1.1 200 OK"
2025-07-13 17:29:34,130 - httpx - INFO - HTTP Request: POST https://api.telegram.org/bot440816679:AAFbcZyrRVJNqaBoNtQ-fREkwnkmJEU_WwE/getUpdates "HTTP/1.1 200 OK"
2025-07-13 17:29:44,463 - httpx - INFO - HTTP Request: POST https://api.telegram.org/bot440816679:AAFbcZyrRVJNqaBoNtQ-fREkwnkmJEU_WwE/getUpdates "HTTP/1.1 200 OK"
2025-07-13 17:29:54,624 - httpx - INFO - HTTP Request: POST https://api.telegram.org/bot440816679:AAFbcZyrRVJNqaBoNtQ-fREkwnkmJEU_WwE/getUpdates "HTTP/1.1 200 OK"
2025-07-13 17:30:04,783 - httpx - INFO - HTTP Request: POST https://api.telegram.org/bot440816679:AAFbcZyrRVJNqaBoNtQ-fREkwnkmJEU_WwE/getUpdates "HTTP/1.1 200 OK"
2025-07-13 17:30:14,948 - httpx - INFO - HTTP Request: POST https://api.telegram.org/bot440816679:AAFbcZyrRVJNqaBoNtQ-fREkwnkmJEU_WwE/getUpdates "HTTP/1.1 200 OK"
2025-07-13 17:30:25,102 - httpx - INFO - HTTP Request: POST https://api.telegram.org/bot440816679:AAFbcZyrRVJNqaBoNtQ-fREkwnkmJEU_WwE/getUpdates "HTTP/1.1 200 OK"
2025-07-13 17:30:35,640 - httpx - INFO - HTTP Request: POST https://api.telegram.org/bot440816679:AAFbcZyrRVJNqaBoNtQ-fREkwnkmJEU_WwE/getUpdates "HTTP/1.1 200 OK"
2025-07-13 17:30:45,797 - httpx - INFO - HTTP Request: POST https://api.telegram.org/bot440816679:AAFbcZyrRVJNqaBoNtQ-fREkwnkmJEU_WwE/getUpdates "HTTP/1.1 200 OK"
2025-07-13 17:30:55,964 - httpx - INFO - HTTP Request: POST https://api.telegram.org/bot440816679:AAFbcZyrRVJNqaBoNtQ-fREkwnkmJEU_WwE/getUpdates "HTTP/1.1 200 OK"
2025-07-13 17:31:06,146 - httpx - INFO - HTTP Request: POST https://api.telegram.org/bot440816679:AAFbcZyrRVJNqaBoNtQ-fREkwnkmJEU_WwE/getUpdates "HTTP/1.1 200 OK"
2025-07-13 17:31:15,545 - telegram.ext.Application - INFO - Application is stopping. This might take a moment.
2025-07-13 17:31:15,545 - telegram.ext.Application - INFO - Application.stop() complete
2025-07-13 17:31:15,546 - __main__ - INFO - \u2705 \u0631\u0628\u0627\u062a \u06a9\u0648\u06cc\u06cc\u0632 \u06a9\u06cc\u0646\u06af\u0632 \u0641\u0639\u0627\u0644 \u0634\u062f!
2025-07-13 17:32:03,082 - httpx - INFO - HTTP Request: POST https://api.telegram.org/bot440816679:AAFbcZyrRVJNqaBoNtQ-fREkwnkmJEU_WwE/getMe "HTTP/1.1 200 OK"
2025-07-13 17:32:03,238 - httpx - INFO - HTTP Request: POST https://api.telegram.org/bot440816679:AAFbcZyrRVJNqaBoNtQ-fREkwnkmJEU_WwE/deleteWebhook "HTTP/1.1 200 OK"
2025-07-13 17:32:03,239 - telegram.ext.Application - INFO - Application started
2025-07-13 17:32:14,169 - httpx - INFO - HTTP Request: POST https://api.telegram.org/bot440816679:AAFbcZyrRVJNqaBoNtQ-fREkwnkmJEU_WwE/getUpdates "HTTP/1.1 200 OK"
2025-07-13 17:32:24,330 - httpx - INFO - HTTP Request: POST https://api.telegram.org/bot440816679:AAFbcZyrRVJNqaBoNtQ-fREkwnkmJEU_WwE/getUpdates "HTTP/1.1 200 OK"
2025-07-13 17:32:34,495 - httpx - INFO - HTTP Request: POST https://api.telegram.org/bot440816679:AAFbcZyrRVJNqaBoNtQ-fREkwnkmJEU_WwE/getUpdates "HTTP/1.1 200 OK"
2025-07-13 17:32:44,655 - httpx - INFO - HTTP Request: POST https://api.telegram.org/bot440816679:AAFbcZyrRVJNqaBoNtQ-fREkwnkmJEU_WwE/getUpdates "HTTP/1.1 200 OK"
2025-07-13 17:32:54,813 - httpx - INFO - HTTP Request: POST https://api.telegram.org/bot440816679:AAFbcZyrRVJNqaBoNtQ-fREkwnkmJEU_WwE/getUpdates "HTTP/1.1 200 OK"
2025-07-13 17:33:05,137 - httpx - INFO - HTTP Request: POST https://api.telegram.org/bot440816679:AAFbcZyrRVJNqaBoNtQ-fREkwnkmJEU_WwE/getUpdates "HTTP/1.1 200 OK"
2025-07-13 17:33:15,304 - httpx - INFO - HTTP Request: POST https://api.telegram.org/bot440816679:AAFbcZyrRVJNqaBoNtQ-fREkwnkmJEU_WwE/getUpdates "HTTP/1.1 200 OK"
2025-07-13 17:33:25,459 - httpx - INFO - HTTP Request: POST https://api.telegram.org/bot440816679:AAFbcZyrRVJNqaBoNtQ-fREkwnkmJEU_WwE/getUpdates "HTTP/1.1 200 OK"
2025-07-13 17:33:36,014 - httpx - INFO - HTTP Request: POST https://api.telegram.org/bot440816679:AAFbcZyrRVJNqaBoNtQ-fREkwnkmJEU_WwE/getUpdates "HTTP/1.1 200 OK"
2025-07-13 17:33:46,569 - httpx - INFO - HTTP Request: POST https://api.telegram.org/bot440816679:AAFbcZyrRVJNqaBoNtQ-fREkwnkmJEU_WwE/getUpdates "HTTP/1.1 200 OK"
2025-07-13 17:33:57,026 - httpx - INFO - HTTP Request: POST https://api.telegram.org/bot440816679:AAFbcZyrRVJNqaBoNtQ-fREkwnkmJEU_WwE/getUpdates "HTTP/1.1 200 OK"
2025-07-13 17:34:07,428 - httpx - INFO - HTTP Request: POST https://api.telegram.org/bot440816679:AAFbcZyrRVJNqaBoNtQ-fREkwnkmJEU_WwE/getUpdates "HTTP/1.1 200 OK"
2025-07-13 17:34:17,589 - httpx - INFO - HTTP Request: POST https://api.telegram.org/bot440816679:AAFbcZyrRVJNqaBoNtQ-fREkwnkmJEU_WwE/getUpdates "HTTP/1.1 200 OK"
2025-07-13 17:34:27,753 - httpx - INFO - HTTP Request: POST https://api.telegram.org/bot440816679:AAFbcZyrRVJNqaBoNtQ-fREkwnkmJEU_WwE/getUpdates "HTTP/1.1 200 OK"
2025-07-13 17:34:39,273 - httpx - INFO - HTTP Request: POST https://api.telegram.org/bot440816679:AAFbcZyrRVJNqaBoNtQ-fREkwnkmJEU_WwE/getUpdates "HTTP/1.1 200 OK"
2025-07-13 17:34:43,083 - telegram.ext.Application - INFO - Application is stopping. This might take a moment.
2025-07-13 17:34:43,083 - telegram.ext.Application - INFO - Application.stop() complete
2025-07-13 17:34:43,084 - __main__ - INFO - \u2705 \u0631\u0628\u0627\u062a \u06a9\u0648\u06cc\u06cc\u0632 \u06a9\u06cc\u0646\u06af\u0632 \u0641\u0639\u0627\u0644 \u0634\u062f!
2025-07-13 17:35:06,156 - httpx - INFO - HTTP Request: POST https://api.telegram.org/bot440816679:AAFbcZyrRVJNqaBoNtQ-fREkwnkmJEU_WwE/getMe "HTTP/1.1 200 OK"
2025-07-13 17:35:06,330 - httpx - INFO - HTTP Request: POST https://api.telegram.org/bot440816679:AAFbcZyrRVJNqaBoNtQ-fREkwnkmJEU_WwE/deleteWebhook "HTTP/1.1 200 OK"
2025-07-13 17:35:06,331 - telegram.ext.Application - INFO - Application started
2025-07-13 17:35:17,680 - httpx - INFO - HTTP Request: POST https://api.telegram.org/bot440816679:AAFbcZyrRVJNqaBoNtQ-fREkwnkmJEU_WwE/getUpdates "HTTP/1.1 200 OK"
2025-07-13 17:35:28,479 - httpx - INFO - HTTP Request: POST https://api.telegram.org/bot440816679:AAFbcZyrRVJNqaBoNtQ-fREkwnkmJEU_WwE/getUpdates "HTTP/1.1 200 OK"
2025-07-13 17:35:38,647 - httpx - INFO - HTTP Request: POST https://api.telegram.org/bot440816679:AAFbcZyrRVJNqaBoNtQ-fREkwnkmJEU_WwE/getUpdates "HTTP/1.1 200 OK"
2025-07-13 17:35:48,814 - httpx - INFO - HTTP Request: POST https://api.telegram.org/bot440816679:AAFbcZyrRVJNqaBoNtQ-fREkwnkmJEU_WwE/getUpdates "HTTP/1.1 200 OK"
2025-07-13 17:35:59,433 - httpx - INFO - HTTP Request: POST https://api.telegram.org/bot440816679:AAFbcZyrRVJNqaBoNtQ-fREkwnkmJEU_WwE/getUpdates "HTTP/1.1 200 OK"
2025-07-13 17:36:09,776 - httpx - INFO - HTTP Request: POST https://api.telegram.org/bot440816679:AAFbcZyrRVJNqaBoNtQ-fREkwnkmJEU_WwE/getUpdates "HTTP/1.1 200 OK"
2025-07-13 17:36:20,142 - httpx - INFO - HTTP Request: POST https://api.telegram.org/bot440816679:AAFbcZyrRVJNqaBoNtQ-fREkwnkmJEU_WwE/getUpdates "HTTP/1.1 200 OK"
2025-07-13 17:36:30,311 - httpx - INFO - HTTP Request: POST https://api.telegram.org/bot440816679:AAFbcZyrRVJNqaBoNtQ-fREkwnkmJEU_WwE/getUpdates "HTTP/1.1 200 OK"
2025-07-13 17:36:40,704 - httpx - INFO - HTTP Request: POST https://api.telegram.org/bot440816679:AAFbcZyrRVJNqaBoNtQ-fREkwnkmJEU_WwE/getUpdates "HTTP/1.1 200 OK"
2025-07-13 17:36:50,865 - httpx - INFO - HTTP Request: POST https://api.telegram.org/bot440816679:AAFbcZyrRVJNqaBoNtQ-fREkwnkmJEU_WwE/getUpdates "HTTP/1.1 200 OK"
2025-07-13 17:37:01,187 - httpx - INFO - HTTP Request: POST https://api.telegram.org/bot440816679:AAFbcZyrRVJNqaBoNtQ-fREkwnkmJEU_WwE/getUpdates "HTTP/1.1 200 OK"
2025-07-13 17:37:11,536 - httpx - INFO - HTTP Request: POST https://api.telegram.org/bot440816679:AAFbcZyrRVJNqaBoNtQ-fREkwnkmJEU_WwE/getUpdates "HTTP/1.1 200 OK"
2025-07-13 17:37:21,698 - httpx - INFO - HTTP Request: POST https://api.telegram.org/bot440816679:AAFbcZyrRVJNqaBoNtQ-fREkwnkmJEU_WwE/getUpdates "HTTP/1.1 200 OK"
2025-07-13 17:37:31,891 - httpx - INFO - HTTP Request: POST https://api.telegram.org/bot440816679:AAFbcZyrRVJNqaBoNtQ-fREkwnkmJEU_WwE/getUpdates "HTTP/1.1 200 OK"
2025-07-13 17:37:42,365 - httpx - INFO - HTTP Request: POST https://api.telegram.org/bot440816679:AAFbcZyrRVJNqaBoNtQ-fREkwnkmJEU_WwE/getUpdates "HTTP/1.1 200 OK"
2025-07-13 17:37:52,528 - httpx - INFO - HTTP Request: POST https://api.telegram.org/bot440816679:AAFbcZyrRVJNqaBoNtQ-fREkwnkmJEU_WwE/getUpdates "HTTP/1.1 200 OK"
2025-07-13 17:38:03,073 - httpx - INFO - HTTP Request: POST https://api.telegram.org/bot440816679:AAFbcZyrRVJNqaBoNtQ-fREkwnkmJEU_WwE/getUpdates "HTTP/1.1 200 OK"
2025-07-13 17:38:13,249 - httpx - INFO - HTTP Request: POST https://api.telegram.org/bot440816679:AAFbcZyrRVJNqaBoNtQ-fREkwnkmJEU_WwE/getUpdates "HTTP/1.1 200 OK"
2025-07-13 17:38:23,749 - httpx - INFO - HTTP Request: POST https://api.telegram.org/bot440816679:AAFbcZyrRVJNqaBoNtQ-fREkwnkmJEU_WwE/getUpdates "HTTP/1.1 200 OK"
2025-07-13 17:38:34,071 - httpx - INFO - HTTP Request: POST https://api.telegram.org/bot440816679:AAFbcZyrRVJNqaBoNtQ-fREkwnkmJEU_WwE/getUpdates "HTTP/1.1 200 OK"
2025-07-13 17:38:44,810 - httpx - INFO - HTTP Request: POST https://api.telegram.org/bot440816679:AAFbcZyrRVJNqaBoNtQ-fREkwnkmJEU_WwE/getUpdates "HTTP/1.1 200 OK"
2025-07-13 17:38:54,978 - httpx - INFO - HTTP Request: POST https://api.telegram.org/bot440816679:AAFbcZyrRVJNqaBoNtQ-fREkwnkmJEU_WwE/getUpdates "HTTP/1.1 200 OK"
2025-07-13 17:39:05,422 - httpx - INFO - HTTP Request: POST https://api.telegram.org/bot440816679:AAFbcZyrRVJNqaBoNtQ-fREkwnkmJEU_WwE/getUpdates "HTTP/1.1 200 OK"
2025-07-13 17:39:15,764 - httpx - INFO - HTTP Request: POST https://api.telegram.org/bot440816679:AAFbcZyrRVJNqaBoNtQ-fREkwnkmJEU_WwE/getUpdates "HTTP/1.1 200 OK"
2025-07-13 17:39:25,933 - httpx - INFO - HTTP Request: POST https://api.telegram.org/bot440816679:AAFbcZyrRVJNqaBoNtQ-fREkwnkmJEU_WwE/getUpdates "HTTP/1.1 200 OK"
2025-07-13 17:39:36,099 - httpx - INFO - HTTP Request: POST https://api.telegram.org/bot440816679:AAFbcZyrRVJNqaBoNtQ-fREkwnkmJEU_WwE/getUpdates "HTTP/1.1 200 OK"
2025-07-13 17:39:46,275 - httpx - INFO - HTTP Request: POST https://api.telegram.org/bot440816679:AAFbcZyrRVJNqaBoNtQ-fREkwnkmJEU_WwE/getUpdates "HTTP/1.1 200 OK"
2025-07-13 17:39:56,758 - httpx - INFO - HTTP Request: POST https://api.telegram.org/bot440816679:AAFbcZyrRVJNqaBoNtQ-fREkwnkmJEU_WwE/getUpdates "HTTP/1.1 200 OK"
2025-07-13 17:40:07,386 - httpx - INFO - HTTP Request: POST https://api.telegram.org/bot440816679:AAFbcZyrRVJNqaBoNtQ-fREkwnkmJEU_WwE/getUpdates "HTTP/1.1 200 OK"
2025-07-13 17:40:18,331 - httpx - INFO - HTTP Request: POST https://api.telegram.org/bot440816679:AAFbcZyrRVJNqaBoNtQ-fREkwnkmJEU_WwE/getUpdates "HTTP/1.1 200 OK"
2025-07-13 17:40:28,499 - httpx - INFO - HTTP Request: POST https://api.telegram.org/bot440816679:AAFbcZyrRVJNqaBoNtQ-fREkwnkmJEU_WwE/getUpdates "HTTP/1.1 200 OK"
2025-07-13 17:40:38,664 - httpx - INFO - HTTP Request: POST https://api.telegram.org/bot440816679:AAFbcZyrRVJNqaBoNtQ-fREkwnkmJEU_WwE/getUpdates "HTTP/1.1 200 OK"
2025-07-13 17:40:48,988 - httpx - INFO - HTTP Request: POST https://api.telegram.org/bot440816679:AAFbcZyrRVJNqaBoNtQ-fREkwnkmJEU_WwE/getUpdates "HTTP/1.1 200 OK"
2025-07-13 17:40:59,151 - httpx - INFO - HTTP Request: POST https://api.telegram.org/bot440816679:AAFbcZyrRVJNqaBoNtQ-fREkwnkmJEU_WwE/getUpdates "HTTP/1.1 200 OK"
2025-07-13 17:41:09,315 - httpx - INFO - HTTP Request: POST https://api.telegram.org/bot440816679:AAFbcZyrRVJNqaBoNtQ-fREkwnkmJEU_WwE/getUpdates "HTTP/1.1 200 OK"
2025-07-13 17:41:19,650 - httpx - INFO - HTTP Request: POST https://api.telegram.org/bot440816679:AAFbcZyrRVJNqaBoNtQ-fREkwnkmJEU_WwE/getUpdates "HTTP/1.1 200 OK"
2025-07-13 17:41:29,813 - httpx - INFO - HTTP Request: POST https://api.telegram.org/bot440816679:AAFbcZyrRVJNqaBoNtQ-fREkwnkmJEU_WwE/getUpdates "HTTP/1.1 200 OK"
2025-07-13 17:41:39,977 - httpx - INFO - HTTP Request: POST https://api.telegram.org/bot440816679:AAFbcZyrRVJNqaBoNtQ-fREkwnkmJEU_WwE/getUpdates "HTTP/1.1 200 OK"
2025-07-13 17:41:50,881 - httpx - INFO - HTTP Request: POST https://api.telegram.org/bot440816679:AAFbcZyrRVJNqaBoNtQ-fREkwnkmJEU_WwE/getUpdates "HTTP/1.1 200 OK"
2025-07-13 17:42:01,390 - httpx - INFO - HTTP Request: POST https://api.telegram.org/bot440816679:AAFbcZyrRVJNqaBoNtQ-fREkwnkmJEU_WwE/getUpdates "HTTP/1.1 200 OK"
2025-07-13 17:42:11,777 - httpx - INFO - HTTP Request: POST https://api.telegram.org/bot440816679:AAFbcZyrRVJNqaBoNtQ-fREkwnkmJEU_WwE/getUpdates "HTTP/1.1 200 OK"
2025-07-13 17:42:22,183 - httpx - INFO - HTTP Request: POST https://api.telegram.org/bot440816679:AAFbcZyrRVJNqaBoNtQ-fREkwnkmJEU_WwE/getUpdates "HTTP/1.1 200 OK"
2025-07-13 17:42:32,357 - httpx - INFO - HTTP Request: POST https://api.telegram.org/bot440816679:AAFbcZyrRVJNqaBoNtQ-fREkwnkmJEU_WwE/getUpdates "HTTP/1.1 200 OK"
2025-07-13 17:42:42,527 - httpx - INFO - HTTP Request: POST https://api.telegram.org/bot440816679:AAFbcZyrRVJNqaBoNtQ-fREkwnkmJEU_WwE/getUpdates "HTTP/1.1 200 OK"
2025-07-13 17:42:52,880 - httpx - INFO - HTTP Request: POST https://api.telegram.org/bot440816679:AAFbcZyrRVJNqaBoNtQ-fREkwnkmJEU_WwE/getUpdates "HTTP/1.1 200 OK"
2025-07-13 17:43:03,044 - httpx - INFO - HTTP Request: POST https://api.telegram.org/bot440816679:AAFbcZyrRVJNqaBoNtQ-fREkwnkmJEU_WwE/getUpdates "HTTP/1.1 200 OK"
2025-07-13 17:43:13,945 - httpx - INFO - HTTP Request: POST https://api.telegram.org/bot440816679:AAFbcZyrRVJNqaBoNtQ-fREkwnkmJEU_WwE/getUpdates "HTTP/1.1 200 OK"
2025-07-13 17:43:24,630 - httpx - INFO - HTTP Request: POST https://api.telegram.org/bot440816679:AAFbcZyrRVJNqaBoNtQ-fREkwnkmJEU_WwE/getUpdates "HTTP/1.1 200 OK"
2025-07-13 17:43:35,381 - httpx - INFO - HTTP Request: POST https://api.telegram.org/bot440816679:AAFbcZyrRVJNqaBoNtQ-fREkwnkmJEU_WwE/getUpdates "HTTP/1.1 200 OK"
2025-07-13 17:43:45,721 - httpx - INFO - HTTP Request: POST https://api.telegram.org/bot440816679:AAFbcZyrRVJNqaBoNtQ-fREkwnkmJEU_WwE/getUpdates "HTTP/1.1 200 OK"
2025-07-13 17:43:56,104 - httpx - INFO - HTTP Request: POST https://api.telegram.org/bot440816679:AAFbcZyrRVJNqaBoNtQ-fREkwnkmJEU_WwE/getUpdates "HTTP/1.1 200 OK"
2025-07-13 17:44:06,518 - httpx - INFO - HTTP Request: POST https://api.telegram.org/bot440816679:AAFbcZyrRVJNqaBoNtQ-fREkwnkmJEU_WwE/getUpdates "HTTP/1.1 200 OK"
2025-07-13 17:44:17,424 - httpx - INFO - HTTP Request: POST https://api.telegram.org/bot440816679:AAFbcZyrRVJNqaBoNtQ-fREkwnkmJEU_WwE/getUpdates "HTTP/1.1 200 OK"
2025-07-13 17:44:27,815 - httpx - INFO - HTTP Request: POST https://api.telegram.org/bot440816679:AAFbcZyrRVJNqaBoNtQ-fREkwnkmJEU_WwE/getUpdates "HTTP/1.1 200 OK"
2025-07-13 17:44:37,979 - httpx - INFO - HTTP Request: POST https://api.telegram.org/bot440816679:AAFbcZyrRVJNqaBoNtQ-fREkwnkmJEU_WwE/getUpdates "HTTP/1.1 200 OK"
2025-07-13 17:44:48,145 - httpx - INFO - HTTP Request: POST https://api.telegram.org/bot440816679:AAFbcZyrRVJNqaBoNtQ-fREkwnkmJEU_WwE/getUpdates "HTTP/1.1 200 OK"
2025-07-13 17:44:58,770 - httpx - INFO - HTTP Request: POST https://api.telegram.org/bot440816679:AAFbcZyrRVJNqaBoNtQ-fREkwnkmJEU_WwE/getUpdates "HTTP/1.1 200 OK"
2025-07-13 17:45:09,397 - httpx - INFO - HTTP Request: POST https://api.telegram.org/bot440816679:AAFbcZyrRVJNqaBoNtQ-fREkwnkmJEU_WwE/getUpdates "HTTP/1.1 200 OK"
2025-07-13 17:45:19,562 - httpx - INFO - HTTP Request: POST https://api.telegram.org/bot440816679:AAFbcZyrRVJNqaBoNtQ-fREkwnkmJEU_WwE/getUpdates "HTTP/1.1 200 OK"
2025-07-13 17:45:29,727 - httpx - INFO - HTTP Request: POST https://api.telegram.org/bot440816679:AAFbcZyrRVJNqaBoNtQ-fREkwnkmJEU_WwE/getUpdates "HTTP/1.1 200 OK"
2025-07-13 17:45:40,314 - httpx - INFO - HTTP Request: POST https://api.telegram.org/bot440816679:AAFbcZyrRVJNqaBoNtQ-fREkwnkmJEU_WwE/getUpdates "HTTP/1.1 200 OK"
2025-07-13 17:45:50,479 - httpx - INFO - HTTP Request: POST https://api.telegram.org/bot440816679:AAFbcZyrRVJNqaBoNtQ-fREkwnkmJEU_WwE/getUpdates "HTTP/1.1 200 OK"
2025-07-13 17:46:00,870 - httpx - INFO - HTTP Request: POST https://api.telegram.org/bot440816679:AAFbcZyrRVJNqaBoNtQ-fREkwnkmJEU_WwE/getUpdates "HTTP/1.1 200 OK"
2025-07-13 17:46:11,269 - httpx - INFO - HTTP Request: POST https://api.telegram.org/bot440816679:AAFbcZyrRVJNqaBoNtQ-fREkwnkmJEU_WwE/getUpdates "HTTP/1.1 200 OK"
2025-07-13 17:46:21,432 - httpx - INFO - HTTP Request: POST https://api.telegram.org/bot440816679:AAFbcZyrRVJNqaBoNtQ-fREkwnkmJEU_WwE/getUpdates "HTTP/1.1 200 OK"
2025-07-13 17:46:31,601 - httpx - INFO - HTTP Request: POST https://api.telegram.org/bot440816679:AAFbcZyrRVJNqaBoNtQ-fREkwnkmJEU_WwE/getUpdates "HTTP/1.1 200 OK"
2025-07-13 17:46:41,789 - httpx - INFO - HTTP Request: POST https://api.telegram.org/bot440816679:AAFbcZyrRVJNqaBoNtQ-fREkwnkmJEU_WwE/getUpdates "HTTP/1.1 200 OK"
2025-07-13 17:46:52,408 - httpx - INFO - HTTP Request: POST https://api.telegram.org/bot440816679:AAFbcZyrRVJNqaBoNtQ-fREkwnkmJEU_WwE/getUpdates "HTTP/1.1 200 OK"
2025-07-13 17:47:02,583 - httpx - INFO - HTTP Request: POST https://api.telegram.org/bot440816679:AAFbcZyrRVJNqaBoNtQ-fREkwnkmJEU_WwE/getUpdates "HTTP/1.1 200 OK"
2025-07-13 17:47:13,158 - httpx - INFO - HTTP Request: POST https://api.telegram.org/bot440816679:AAFbcZyrRVJNqaBoNtQ-fREkwnkmJEU_WwE/getUpdates "HTTP/1.1 200 OK"
2025-07-13 17:47:23,482 - httpx - INFO - HTTP Request: POST https://api.telegram.org/bot440816679:AAFbcZyrRVJNqaBoNtQ-fREkwnkmJEU_WwE/getUpdates "HTTP/1.1 200 OK"
2025-07-13 17:47:33,645 - httpx - INFO - HTTP Request: POST https://api.telegram.org/bot440816679:AAFbcZyrRVJNqaBoNtQ-fREkwnkmJEU_WwE/getUpdates "HTTP/1.1 200 OK"
2025-07-13 17:47:43,969 - httpx - INFO - HTTP Request: POST https://api.telegram.org/bot440816679:AAFbcZyrRVJNqaBoNtQ-fREkwnkmJEU_WwE/getUpdates "HTTP/1.1 200 OK"
2025-07-13 17:47:54,357 - httpx - INFO - HTTP Request: POST https://api.telegram.org/bot440816679:AAFbcZyrRVJNqaBoNtQ-fREkwnkmJEU_WwE/getUpdates "HTTP/1.1 200 OK"
2025-07-13 17:48:04,525 - httpx - INFO - HTTP Request: POST https://api.telegram.org/bot440816679:AAFbcZyrRVJNqaBoNtQ-fREkwnkmJEU_WwE/getUpdates "HTTP/1.1 200 OK"
2025-07-13 17:48:15,139 - httpx - INFO - HTTP Request: POST https://api.telegram.org/bot440816679:AAFbcZyrRVJNqaBoNtQ-fREkwnkmJEU_WwE/getUpdates "HTTP/1.1 200 OK"
2025-07-13 17:48:25,301 - httpx - INFO - HTTP Request: POST https://api.telegram.org/bot440816679:AAFbcZyrRVJNqaBoNtQ-fREkwnkmJEU_WwE/getUpdates "HTTP/1.1 200 OK"
2025-07-13 17:48:35,469 - httpx - INFO - HTTP Request: POST https://api.telegram.org/bot440816679:AAFbcZyrRVJNqaBoNtQ-fREkwnkmJEU_WwE/getUpdates "HTTP/1.1 200 OK"
2025-07-13 17:48:46,347 - httpx - INFO - HTTP Request: POST https://api.telegram.org/bot440816679:AAFbcZyrRVJNqaBoNtQ-fREkwnkmJEU_WwE/getUpdates "HTTP/1.1 200 OK"
2025-07-13 17:48:56,737 - httpx - INFO - HTTP Request: POST https://api.telegram.org/bot440816679:AAFbcZyrRVJNqaBoNtQ-fREkwnkmJEU_WwE/getUpdates "HTTP/1.1 200 OK"
2025-07-13 17:49:06,906 - httpx - INFO - HTTP Request: POST https://api.telegram.org/bot440816679:AAFbcZyrRVJNqaBoNtQ-fREkwnkmJEU_WwE/getUpdates "HTTP/1.1 200 OK"
2025-07-13 17:49:29,431 - httpx - INFO - HTTP Request: POST https://api.telegram.org/bot440816679:AAFbcZyrRVJNqaBoNtQ-fREkwnkmJEU_WwE/getUpdates "HTTP/1.1 200 OK"
2025-07-13 17:49:39,802 - httpx - INFO - HTTP Request: POST https://api.telegram.org/bot440816679:AAFbcZyrRVJNqaBoNtQ-fREkwnkmJEU_WwE/getUpdates "HTTP/1.1 200 OK"
2025-07-13 17:49:50,943 - httpx - INFO - HTTP Request: POST https://api.telegram.org/bot440816679:AAFbcZyrRVJNqaBoNtQ-fREkwnkmJEU_WwE/getUpdates "HTTP/1.1 200 OK"
2025-07-13 17:49:58,791 - telegram.ext.Application - INFO - Application is stopping. This might take a moment.
2025-07-13 17:49:58,792 - telegram.ext.Application - INFO - Application.stop() complete
2025-07-13 17:49:58,793 - __main__ - INFO - \u2705 \u0631\u0628\u0627\u062a \u06a9\u0648\u06cc\u06cc\u0632 \u06a9\u06cc\u0646\u06af\u0632 \u0641\u0639\u0627\u0644 \u0634\u062f!
2025-07-13 17:52:10,539 - __main__ - INFO - \u2705 \u0631\u0628\u0627\u062a \u06a9\u0648\u06cc\u06cc\u0632 \u06a9\u06cc\u0646\u06af\u0632 \u0641\u0639\u0627\u0644 \u0634\u062f!
